=======================
Loading Anaconda Module...
"data":    {'debug': False, 'batch_size': 1, 'source': 'GOOGLE', 'num_workers': 5, 'train_dir': '/datasets/SemEval/semeval-2023-task-1-V-WSD-train-v1/train_v1', 'trial_dir': '/datasets/SemEval/semeval-2023-task-1-V-WSD-train-v1/trial_v1'}
"model":   {'load': True, 'name': 'CLIPFinetune'}
"output":  clip_ft_cnet_1.out
"seed":    12345
"trainer": {'accelerator': 'gpu', 'devices': 1, 'max_epochs': 10, 'precision': 16, 'gradient_clip_val': 1.0, 'val_check_interval': 1.0, 'resume_from_checkpoint': None, 'accumulate_grad_batches': 1, 'num_sanity_val_steps': 0}
{'load': True, 'name': 'CLIPFinetune'}
/scratch/users/oince22/vwsd/scripts
Error executing job with overrides: []
Traceback (most recent call last):
  File "/scratch/users/oince22/vwsd/scripts/clip_ft_pred.py", line 33, in main
    train_dm.setup(stage='fit')
  File "/kuacc/users/oince22/.conda/envs/vwsd/lib/python3.10/site-packages/vwsd-0.0.1-py3.10.egg/vwsd/data.py", line 212, in setup
    self.data = self.load_split(split='train')
  File "/kuacc/users/oince22/.conda/envs/vwsd/lib/python3.10/site-packages/vwsd-0.0.1-py3.10.egg/vwsd/data.py", line 226, in load_split
    return VWSDDataset(
  File "/kuacc/users/oince22/.conda/envs/vwsd/lib/python3.10/site-packages/vwsd-0.0.1-py3.10.egg/vwsd/data.py", line 32, in __init__
    self._load_data()
  File "/kuacc/users/oince22/.conda/envs/vwsd/lib/python3.10/site-packages/vwsd-0.0.1-py3.10.egg/vwsd/data.py", line 62, in _load_data
    self.items.append({
AttributeError: 'VWSDDataset' object has no attribute 'items'

Set the environment variable HYDRA_FULL_ERROR=1 for a complete stack trace.
