=======================
Loading Anaconda Module...
"data":    {'debug': False, 'batch_size': 1, 'source': 'GOOGLE', 'num_workers': 5, 'train_dir': '/datasets/SemEval/semeval-2023-task-1-V-WSD-train-v1/train_v1', 'trial_dir': '/datasets/SemEval/semeval-2023-task-1-V-WSD-train-v1/trial_v1'}
"model":   {'load': True, 'name': 'CLIPFinetune'}
"output":  clip_ft_google_val.out
"seed":    12345
"trainer": {'accelerator': 'gpu', 'devices': 1, 'max_epochs': 1, 'precision': 16, 'gradient_clip_val': 1.0, 'val_check_interval': 1.0, 'resume_from_checkpoint': None, 'accumulate_grad_batches': 1, 'num_sanity_val_steps': 0}
{'load': True, 'name': 'CLIPFinetune'}
/scratch/users/oince22/vwsd/scripts
Scraped google data is empty
Scraped google data is empty
Scraped google data is empty
Scraped google data is empty
Error executing job with overrides: []
Traceback (most recent call last):
  File "/scratch/users/oince22/vwsd/scripts/clip_ft_pred.py", line 49, in main
    val_dm.setup(stage='validate')
  File "/kuacc/users/oince22/.conda/envs/vwsd/lib/python3.10/site-packages/vwsd-0.0.1-py3.10.egg/vwsd/data.py", line 223, in setup
    self.data = self.load_split(split='train')
  File "/kuacc/users/oince22/.conda/envs/vwsd/lib/python3.10/site-packages/vwsd-0.0.1-py3.10.egg/vwsd/data.py", line 237, in load_split
    return VWSDDataset(
  File "/kuacc/users/oince22/.conda/envs/vwsd/lib/python3.10/site-packages/vwsd-0.0.1-py3.10.egg/vwsd/data.py", line 33, in __init__
    self._load_data()
  File "/kuacc/users/oince22/.conda/envs/vwsd/lib/python3.10/site-packages/vwsd-0.0.1-py3.10.egg/vwsd/data.py", line 70, in _load_data
    print(f"\nword: {word}")
NameError: name 'word' is not defined

Set the environment variable HYDRA_FULL_ERROR=1 for a complete stack trace.
