=======================
Loading Anaconda Module...
"data":    {'debug': False, 'batch_size': 1, 'source': 'GOOGLE', 'num_workers': 5, 'train_dir': '/datasets/SemEval/semeval-2023-task-1-V-WSD-train-v1/train_v1', 'trial_dir': '/datasets/SemEval/semeval-2023-task-1-V-WSD-train-v1/trial_v1'}
"model":   {'load': True, 'name': 'CLIPFinetune'}
"output":  clip_ft_cnet_1.out
"seed":    12345
"trainer": {'accelerator': 'gpu', 'devices': 1, 'max_epochs': 10, 'precision': 16, 'gradient_clip_val': 1.0, 'val_check_interval': 1.0, 'resume_from_checkpoint': None, 'accumulate_grad_batches': 1, 'num_sanity_val_steps': 0}
{'load': True, 'name': 'CLIPFinetune'}
/scratch/users/oince22/vwsd/scripts
Scraped google data is empty
Scraped google data is empty
Scraped google data is empty
Scraped google data is empty
{'word': 'moorhen', 'context': 'moorhen swamphen', 'images': ['image.3.jpg', 'image.8.jpg', 'image.4.jpg', 'image.1.jpg', 'image.2.jpg', 'image.0.jpg', 'image.5.jpg', 'image.6.jpg', 'image.7.jpg', 'image.9.jpg'], 'gold': 'image.0.jpg', 'prompt': 'moorhen moorhen swamphen . clearly bigger than coot and almost twice the size of moorhen generally unmistakable with its dark violet blue plumage long robust legs and heavy bill this species has an extremely large range and hence does not approach the thresholds for vulnerable under the range size criterion extent of occurrence the purple swamphen porphyrio porphyrio also known as the african purple swamphen purple moorhen purple gallinule or purple coot the purple swamphen porphyrio'}
Config: {'seed': 12345, 'output': '/scratch/users/oince22/vwsd/scripts/clip_ft.out', 'trainer': {'accelerator': 'gpu', 'devices': 1, 'max_epochs': 15, 'precision': 16, 'gradient_clip_val': 1.0, 'val_check_interval': 1.0, 'resume_from_checkpoint': None, 'accumulate_grad_batches': 1, 'num_sanity_val_steps': 0}, 'model': {'name': 'CLIPFinetune'}, 'data': {'debug': False, 'batch_size': 4, 'num_workers': 5, 'train_dir': '/datasets/SemEval/semeval-2023-task-1-V-WSD-train-v1/train_v1', 'trial_dir': '/datasets/SemEval/semeval-2023-task-1-V-WSD-train-v1/trial_v1'}}
/scratch/users/oince22/vwsd/scripts
{'word': 'andromeda', 'context': 'andromeda tree', 'images': ['image.155.jpg', 'image.68.jpg', 'image.9.jpg', 'image.72.jpg', 'image.158.jpg', 'image.86.jpg', 'image.7.jpg', 'image.132.jpg', 'image.36.jpg', 'image.27.jpg'], 'gold': 'image.86.jpg', 'prompt': 'andromeda andromeda tree . japanese andromeda is an evergreen shrub with many uses in the landscape use it in shrub groupings or as a foundation plant or let it stand japanese andromeda pieris japonica has bellshaped flowers in early spring some varieties are also valued for their red spring leaves japanese pieris is a slowgrowing evergreen shrub to a small tree in the ericaceae heath family it is an upright to spreading ornamental shrub japanese andromeda'}
/scratch/users/oince22/vwsd/scripts
{'word': 'andromeda', 'context': 'andromeda tree', 'images': ['image.155.jpg', 'image.68.jpg', 'image.9.jpg', 'image.72.jpg', 'image.158.jpg', 'image.86.jpg', 'image.7.jpg', 'image.132.jpg', 'image.36.jpg', 'image.27.jpg'], 'gold': 'image.86.jpg', 'prompt': 'andromeda andromeda tree . japanese andromeda is an evergreen shrub with many uses in the landscape use it in shrub groupings or as a foundation plant or let it stand japanese andromeda pieris japonica has bellshaped flowers in early spring some varieties are also valued for their red spring leaves japanese pieris is a slowgrowing evergreen shrub to a small tree in the ericaceae heath family it is an upright to spreading ornamental shrub japanese andromeda'}
Predicting: 0it [00:00, ?it/s]Predicting:   0%|          | 0/16 [00:00<?, ?it/s]Predicting DataLoader 0:   0%|          | 0/16 [00:00<?, ?it/s]Predicting DataLoader 0:   6%|▋         | 1/16 [00:03<00:52,  3.53s/it]Predicting DataLoader 0:  12%|█▎        | 2/16 [00:03<00:25,  1.86s/it]Predicting DataLoader 0:  19%|█▉        | 3/16 [00:03<00:16,  1.30s/it]Predicting DataLoader 0:  25%|██▌       | 4/16 [00:04<00:12,  1.02s/it]Predicting DataLoader 0:  31%|███▏      | 5/16 [00:04<00:09,  1.16it/s]Predicting DataLoader 0:  38%|███▊      | 6/16 [00:04<00:07,  1.32it/s]Predicting DataLoader 0:  44%|████▍     | 7/16 [00:04<00:06,  1.47it/s]Predicting DataLoader 0:  50%|█████     | 8/16 [00:04<00:04,  1.61it/s]Predicting DataLoader 0:  56%|█████▋    | 9/16 [00:05<00:04,  1.74it/s]Predicting DataLoader 0:  62%|██████▎   | 10/16 [00:05<00:03,  1.86it/s]Predicting DataLoader 0:  69%|██████▉   | 11/16 [00:05<00:02,  1.98it/s]Predicting DataLoader 0:  75%|███████▌  | 12/16 [00:06<00:02,  1.85it/s]Predicting DataLoader 0:  81%|████████▏ | 13/16 [00:06<00:01,  1.95it/s]Predicting DataLoader 0:  88%|████████▊ | 14/16 [00:06<00:00,  2.05it/s]Predicting DataLoader 0:  94%|█████████▍| 15/16 [00:07<00:00,  2.13it/s]Predicting DataLoader 0: 100%|██████████| 16/16 [00:07<00:00,  2.22it/s]Predicting DataLoader 0: 100%|██████████| 16/16 [00:07<00:00,  2.16it/s]
