=======================
Loading Anaconda Module...
"data":    {'debug': False, 'batch_size': 1, 'source': 'GOOGLE', 'num_workers': 5, 'train_dir': '/datasets/SemEval/semeval-2023-task-1-V-WSD-train-v1/train_v1', 'trial_dir': '/datasets/SemEval/semeval-2023-task-1-V-WSD-train-v1/trial_v1'}
"model":   {'load': True, 'name': 'CLIPFinetune'}
"output":  clip_ft_cnet_1.out
"seed":    12345
"trainer": {'accelerator': 'gpu', 'devices': 1, 'max_epochs': 10, 'precision': 16, 'gradient_clip_val': 1.0, 'val_check_interval': 1.0, 'resume_from_checkpoint': None, 'accumulate_grad_batches': 1, 'num_sanity_val_steps': 0}
{'load': True, 'name': 'CLIPFinetune'}
/scratch/users/oince22/vwsd/scripts
self.debug: False
Scraped google data is empty
Scraped google data is empty
Scraped google data is empty
Scraped google data is empty
Config: {'seed': 12345, 'output': '/scratch/users/oince22/vwsd/scripts/clip_ft.out', 'trainer': {'accelerator': 'gpu', 'devices': 1, 'max_epochs': 15, 'precision': 16, 'gradient_clip_val': 1.0, 'val_check_interval': 1.0, 'resume_from_checkpoint': None, 'accumulate_grad_batches': 1, 'num_sanity_val_steps': 0}, 'model': {'name': 'CLIPFinetune'}, 'data': {'debug': False, 'batch_size': 4, 'num_workers': 5, 'train_dir': '/datasets/SemEval/semeval-2023-task-1-V-WSD-train-v1/train_v1', 'trial_dir': '/datasets/SemEval/semeval-2023-task-1-V-WSD-train-v1/trial_v1'}}
/scratch/users/oince22/vwsd/scripts
self.debug: False
/scratch/users/oince22/vwsd/scripts
self.debug: False
Predicting: 0it [00:00, ?it/s]Predicting:   0%|          | 0/16 [00:00<?, ?it/s]Predicting DataLoader 0:   0%|          | 0/16 [00:00<?, ?it/s]Predicting DataLoader 0:   6%|▋         | 1/16 [00:03<00:55,  3.70s/it]Predicting DataLoader 0:  12%|█▎        | 2/16 [00:03<00:27,  1.94s/it]Predicting DataLoader 0:  19%|█▉        | 3/16 [00:04<00:17,  1.36s/it]Predicting DataLoader 0:  25%|██▌       | 4/16 [00:04<00:12,  1.07s/it]Predicting DataLoader 0:  31%|███▏      | 5/16 [00:04<00:09,  1.12it/s]Predicting DataLoader 0:  38%|███▊      | 6/16 [00:04<00:07,  1.29it/s]Predicting DataLoader 0:  44%|████▍     | 7/16 [00:04<00:06,  1.44it/s]Predicting DataLoader 0:  50%|█████     | 8/16 [00:05<00:05,  1.58it/s]Predicting DataLoader 0:  56%|█████▋    | 9/16 [00:05<00:04,  1.71it/s]Predicting DataLoader 0:  62%|██████▎   | 10/16 [00:05<00:03,  1.84it/s]Predicting DataLoader 0:  69%|██████▉   | 11/16 [00:05<00:02,  1.95it/s]Predicting DataLoader 0:  75%|███████▌  | 12/16 [00:06<00:02,  1.74it/s]Predicting DataLoader 0:  81%|████████▏ | 13/16 [00:07<00:01,  1.84it/s]Predicting DataLoader 0:  88%|████████▊ | 14/16 [00:07<00:01,  1.93it/s]Predicting DataLoader 0:  94%|█████████▍| 15/16 [00:07<00:00,  2.02it/s]Predicting DataLoader 0: 100%|██████████| 16/16 [00:07<00:00,  2.10it/s]Predicting DataLoader 0: 100%|██████████| 16/16 [00:07<00:00,  2.04it/s]
