=======================
Loading Anaconda Module...
"data":    {'debug': False, 'batch_size': 1, 'num_workers': 5, 'train_dir': '/datasets/SemEval/semeval-2023-task-1-V-WSD-train-v1/train_v1', 'trial_dir': '/datasets/SemEval/semeval-2023-task-1-V-WSD-train-v1/trial_v1'}
"model":   {'load': True, 'name': 'CLIPFinetune'}
"output":  clip_ft.out
"seed":    12345
"trainer": {'accelerator': 'gpu', 'devices': 1, 'max_epochs': 15, 'precision': 16, 'gradient_clip_val': 1.0, 'val_check_interval': 1.0, 'resume_from_checkpoint': None, 'accumulate_grad_batches': 1, 'num_sanity_val_steps': 0}
{'load': True, 'name': 'CLIPFinetune'}
/scratch/users/oince22/vwsd/scripts
self.debug: False
Scraped google data is empty
Scraped google data is empty
Scraped google data is empty
Scraped google data is empty
Config: {'seed': 12345, 'output': '/scratch/users/oince22/vwsd/scripts/clip_ft.out', 'trainer': {'accelerator': 'gpu', 'devices': 1, 'max_epochs': 15, 'precision': 16, 'gradient_clip_val': 1.0, 'val_check_interval': 1.0, 'resume_from_checkpoint': None, 'accumulate_grad_batches': 1, 'num_sanity_val_steps': 0}, 'model': {'name': 'CLIPFinetune'}, 'data': {'debug': False, 'batch_size': 4, 'num_workers': 5, 'train_dir': '/datasets/SemEval/semeval-2023-task-1-V-WSD-train-v1/train_v1', 'trial_dir': '/datasets/SemEval/semeval-2023-task-1-V-WSD-train-v1/trial_v1'}}
self.debug: False
Error executing job with overrides: []
Traceback (most recent call last):
  File "/scratch/users/oince22/vwsd/scripts/clip_ft_pred.py", line 48, in main
    results = trainer.predict(experiment, datamodule=trial_dm)
UnboundLocalError: local variable 'trainer' referenced before assignment

Set the environment variable HYDRA_FULL_ERROR=1 for a complete stack trace.
